[01:16:21] [main/INFO]: Loading Minecraft 1.20.1 with Fabric Loader 0.16.10
[01:16:21] [ForkJoinPool-1-worker-4/WARN]: The mod "dungeons_arise" contains invalid entries in its mod json:
- Unsupported root entry "credits" at line 12 column 12
[01:16:21] [ForkJoinPool-1-worker-4/WARN]: Mod mr_dungeons_andtaverns uses the version 3.0.3.f which isn't compatible with Loader's extended semantic version format (Could not parse version number component 'f'!), SemVer is recommended for reliably evaluating dependencies and prioritizing newer version
[01:16:21] [main/INFO]: Loading 151 mods:
	- addonslib 1.20.1-1.3
	- ae2 15.3.3
	   \-- team_reborn_energy 3.0.0
	- amendments 1.20-1.2.18
	   \-- mixinextras 0.4.1
	- appleskin 2.5.1+mc1.20
	- attributefix 21.0.4
	- balm-fabric 7.3.18
	   \-- kuma_api 20.1.9-SNAPSHOT
	- betteradvancements 0.4.2.10
	- biomesoplenty 19.0.0.94
	- bookshelf 20.2.13
	- cloth-config 11.1.136
	   \-- cloth-basic-math 0.6.1
	- clumps 12.0.0.4
	- dungeons_arise 2.1.57
	- dungeons_arise_seven_seas 1.0.2
	- entityculling 1.7.3
	- fabric-api 0.92.3+1.20.1
	   |-- fabric-api-base 0.4.31+1802ada577
	   |-- fabric-api-lookup-api-v1 1.6.36+1802ada577
	   |-- fabric-biome-api-v1 13.0.13+1802ada577
	   |-- fabric-block-api-v1 1.0.11+1802ada577
	   |-- fabric-block-view-api-v2 1.0.1+1802ada577
	   |-- fabric-blockrenderlayer-v1 1.1.41+1802ada577
	   |-- fabric-client-tags-api-v1 1.1.2+1802ada577
	   |-- fabric-command-api-v1 1.2.34+f71b366f77
	   |-- fabric-command-api-v2 2.2.13+1802ada577
	   |-- fabric-commands-v0 0.2.51+df3654b377
	   |-- fabric-containers-v0 0.1.65+df3654b377
	   |-- fabric-content-registries-v0 4.0.12+1802ada577
	   |-- fabric-convention-tags-v1 1.5.5+1802ada577
	   |-- fabric-crash-report-info-v1 0.2.19+1802ada577
	   |-- fabric-data-attachment-api-v1 1.0.1+de0fd6d177
	   |-- fabric-data-generation-api-v1 12.3.5+1802ada577
	   |-- fabric-dimensions-v1 2.1.54+1802ada577
	   |-- fabric-entity-events-v1 1.6.0+1c78457f77
	   |-- fabric-events-interaction-v0 0.6.3+13a40c6677
	   |-- fabric-events-lifecycle-v0 0.2.63+df3654b377
	   |-- fabric-game-rule-api-v1 1.0.40+1802ada577
	   |-- fabric-item-api-v1 2.1.28+1802ada577
	   |-- fabric-item-group-api-v1 4.0.13+1802ada577
	   |-- fabric-key-binding-api-v1 1.0.37+1802ada577
	   |-- fabric-keybindings-v0 0.2.35+df3654b377
	   |-- fabric-lifecycle-events-v1 2.2.22+1802ada577
	   |-- fabric-loot-api-v2 1.2.2+1802ada577
	   |-- fabric-loot-tables-v1 1.1.46+9e7660c677
	   |-- fabric-message-api-v1 5.1.9+1802ada577
	   |-- fabric-mining-level-api-v1 2.1.51+1802ada577
	   |-- fabric-model-loading-api-v1 1.0.3+1802ada577
	   |-- fabric-models-v0 0.4.2+9386d8a777
	   |-- fabric-networking-api-v1 1.3.12+13a40c6677
	   |-- fabric-networking-v0 0.3.52+df3654b377
	   |-- fabric-object-builder-api-v1 11.1.4+1802ada577
	   |-- fabric-particles-v1 1.1.2+1802ada577
	   |-- fabric-recipe-api-v1 1.0.22+1802ada577
	   |-- fabric-registry-sync-v0 2.3.4+1802ada577
	   |-- fabric-renderer-api-v1 3.2.1+1802ada577
	   |-- fabric-renderer-indigo 1.5.2+85287f9f77
	   |-- fabric-renderer-registries-v1 3.2.46+df3654b377
	   |-- fabric-rendering-data-attachment-v1 0.3.37+92a0d36777
	   |-- fabric-rendering-fluids-v1 3.0.28+1802ada577
	   |-- fabric-rendering-v0 1.1.49+df3654b377
	   |-- fabric-rendering-v1 3.0.8+1802ada577
	   |-- fabric-resource-conditions-api-v1 2.3.8+1802ada577
	   |-- fabric-resource-loader-v0 0.11.11+fb82e9d777
	   |-- fabric-screen-api-v1 2.0.8+1802ada577
	   |-- fabric-screen-handler-api-v1 1.3.31+1802ada577
	   |-- fabric-sound-api-v1 1.0.13+1802ada577
	   |-- fabric-transfer-api-v1 3.3.5+8dd72ea377
	   \-- fabric-transitive-access-wideners-v1 4.3.1+1802ada577
	- fabric-language-kotlin 1.13.1+kotlin.2.1.10
	   |-- org_jetbrains_kotlin_kotlin-reflect 2.1.10
	   |-- org_jetbrains_kotlin_kotlin-stdlib 2.1.10
	   |-- org_jetbrains_kotlin_kotlin-stdlib-jdk7 2.1.10
	   |-- org_jetbrains_kotlin_kotlin-stdlib-jdk8 2.1.10
	   |-- org_jetbrains_kotlinx_atomicfu-jvm 0.27.0
	   |-- org_jetbrains_kotlinx_kotlinx-coroutines-core-jvm 1.10.1
	   |-- org_jetbrains_kotlinx_kotlinx-coroutines-jdk8 1.10.1
	   |-- org_jetbrains_kotlinx_kotlinx-datetime-jvm 0.6.1
	   |-- org_jetbrains_kotlinx_kotlinx-io-bytestring-jvm 0.6.0
	   |-- org_jetbrains_kotlinx_kotlinx-io-core-jvm 0.6.0
	   |-- org_jetbrains_kotlinx_kotlinx-serialization-cbor-jvm 1.8.0
	   |-- org_jetbrains_kotlinx_kotlinx-serialization-core-jvm 1.8.0
	   \-- org_jetbrains_kotlinx_kotlinx-serialization-json-jvm 1.8.0
	- fabricloader 0.16.10
	   \-- mixinextras 0.4.1
	- farmersdelight 1.20.1-2.3.0+refabricated
	   |-- mm 2.3
	   |-- porting_lib_accessors 2.3.8+1.20.1
	   |    \-- porting_lib_core 2.3.8+1.20.1
	   |-- porting_lib_base 2.3.8+1.20.1
	   |    |-- porting_lib_attributes 2.3.8+1.20.1
	   |    |-- porting_lib_common 2.3.8+1.20.1
	   |    |-- porting_lib_core 2.3.8+1.20.1
	   |    |-- porting_lib_entity 2.3.8+1.20.1
	   |    |-- porting_lib_extensions 2.3.8+1.20.1
	   |    |-- porting_lib_fluids 2.3.8+1.20.1
	   |    |-- porting_lib_gui_utils 2.3.8+1.20.1
	   |    |-- porting_lib_mixin_extensions 2.3.8+1.20.1
	   |    |-- porting_lib_transfer 2.3.8+1.20.1
	   |    |-- porting_lib_utility 2.3.8+1.20.1
	   |    \-- reach-entity-attributes 2.4.0
	   |-- porting_lib_config 2.3.8+1.20.1
	   |    \-- porting_lib_core 2.3.8+1.20.1
	   |-- porting_lib_lazy_registration 2.3.8+1.20.1
	   |    \-- porting_lib_core 2.3.8+1.20.1
	   |-- porting_lib_loot 2.3.8+1.20.1
	   |    \-- porting_lib_core 2.3.8+1.20.1
	   |-- porting_lib_networking 2.3.8+1.20.1
	   |    \-- porting_lib_core 2.3.8+1.20.1
	   |-- porting_lib_recipe_book_categories 2.3.8+1.20.1
	   |    \-- porting_lib_core 2.3.8+1.20.1
	   |-- porting_lib_tags 3.0
	   |    \-- porting_lib_core 2.3.8+1.20.1
	   \-- porting_lib_tool_actions 2.3.8+1.20.1
	        \-- porting_lib_core 2.3.8+1.20.1
	- farmersknives 3.2
	- ferritecore 6.0.1
	- geckolib 4.7
	   \-- com_eliotlash_mclib_mclib 20
	- glitchcore 0.0.1.1
	   |-- com_electronwill_night-config_core 3.6.7
	   |-- com_electronwill_night-config_toml 3.6.7
	   \-- net_jodah_typetools 0.6.3
	- handcrafted 3.0.6
	- jade 11.12.3+fabric
	- java 17
	- jei 15.20.0.106
	- jeresources 1.4.0.247
	- lithium 0.11.3
	- mcwbiomesoplenty 1.20.1-1.1
	- mcwbridges 3.0.0
	- mcwdoors 1.1.2
	- mcwfences 1.1.2
	- mcwfurnitures 3.3.0
	- mcwlights 1.1.1
	- mcwpaintings 1.0.5
	- mcwpaths 1.1.0
	- mcwroofs 2.3.1
	- mcwstairs 1.0.1
	- mcwtrpdoors 1.1.4
	- mcwwindows 2.3.0
	- memoryleakfix 1.1.5
	- minecraft 1.20.1
	- modernfix 5.20.2+mc1.20.1
	- moonlight 1.20-2.13.70
	- mr_dungeons_andtaverns 3.0.3.f
	- mr_dungeons_andtavernsancientcityoverhaul 1
	- mr_dungeons_andtavernspillageroutpostrework 1.1
	- mr_dungeons_andtavernsstrongholdrework 1
	- mr_dungeons_andtavernsswamphutrework 1
	- naturalist 4.0.3
	- resourcefullib 2.1.29
	   |-- com_teamresourceful_bytecodecs 1.0.2
	   \-- com_teamresourceful_yabn 1.0.3
	- ribbits 1.20.1-Fabric-3.0.4
	   \-- org_reflections_reflections 0.10.2
	- sereneseasons 9.1.0.1
	   |-- com_electronwill_night-config_core 3.6.7
	   |-- com_electronwill_night-config_toml 3.6.7
	   \-- net_jodah_typetools 0.6.3
	- sophisticatedbackpacks 1.20.1-3.21.2.1.81
	- sophisticatedcore 1.20.1-1.0.8.1.119
	   |-- forgeconfigapiport 8.0.0
	   |-- porting_lib_model_loader 2.3.2+1.20.1
	   \-- team_reborn_energy 3.0.0
	- starlight 1.1.2+fabric.dbc156f
	- supplementaries 1.20-3.1.18
	   \-- mixinsquared 0.1.1
	- terrablender 3.0.1.7
	   |-- com_electronwill_night-config_core 3.6.7
	   \-- com_electronwill_night-config_toml 3.6.7
	- terralith 2.5.4
	- toughasnails 9.2.0.171
	   |-- com_electronwill_night-config_core 3.6.7
	   |-- com_electronwill_night-config_toml 3.6.7
	   \-- net_jodah_typetools 0.6.3
	- waystones 14.1.10
	- yet_another_config_lib_v3 3.6.3+1.20.1-fabric
	   \-- mixinextras 0.4.1
	- yungsapi 1.20-Fabric-4.0.6
	   \-- org_javassist_javassist 3.29.2-GA
[01:16:22] [main/INFO]: SpongePowered MIXIN Subsystem Version=0.8.7 Source=file:/workspaces/server/servidor_minecraft/libraries/net/fabricmc/sponge-mixin/0.15.4+mixin.0.8.7/sponge-mixin-0.15.4+mixin.0.8.7.jar Service=Knot/Fabric Env=SERVER
[01:16:22] [main/INFO]: Compatibility level set to JAVA_11
[01:16:22] [main/INFO]: Compatibility level set to JAVA_17
[01:16:22] [main/WARN]: Reference map 'JustEnoughResources-Fabric-1.20.1-refmap.json' for jeresources.mixins.json could not be read. If this is a development environment you can ignore this message
[01:16:22] [main/INFO]: Loaded configuration file for Lithium: 131 options available, 2 override(s) found
[01:16:22] [main/WARN]: Reference map 'memoryleakfix-fabric-1.17+-fabric-refmap.json' for memoryleakfix-fabric.mixins.json could not be read. If this is a development environment you can ignore this message
[01:16:22] [main/INFO]: Loaded configuration file for ModernFix 5.20.2+mc1.20.1: 64 options available, 0 override(s) found
[01:16:22] [main/INFO]: Applying Nashorn fix
[01:16:22] [main/WARN]: Error loading class: net/minecraft/class_881 (java.lang.ClassNotFoundException: net/minecraft/class_881)
[01:16:22] [main/WARN]: @Mixin target net.minecraft.class_881 was not found porting_lib_base.mixins.json:client.BoatRendererMixin from mod porting_lib_base
[01:16:22] [main/WARN]: Error loading class: net/minecraft/class_525 (java.lang.ClassNotFoundException: net/minecraft/class_525)
[01:16:22] [main/WARN]: @Mixin target net.minecraft.class_525 was not found porting_lib_base.mixins.json:client.CreateWorldScreenMixin from mod porting_lib_base
[01:16:22] [main/WARN]: Error loading class: net/minecraft/class_906 (java.lang.ClassNotFoundException: net/minecraft/class_906)
[01:16:23] [main/WARN]: @Mixin target net.minecraft.class_906 was not found porting_lib_tool_actions.mixins.json:FishingHookRendererMixin from mod porting_lib_tool_actions
[01:16:23] [main/WARN]: Force-disabling mixin 'alloc.blockstate.StateMixin' as rule 'mixin.alloc.blockstate' (added by mods [ferritecore]) disables it and children
[01:16:23] [main/WARN]: Force-disabling mixin 'block.moving_block_shapes.PistonBlockEntityMixin' as rule 'mixin.block.moving_block_shapes' (added by mods [supplementaries]) disables it and children
[01:16:23] [main/WARN]: Force-disabling mixin 'block.moving_block_shapes.VoxelShapeMixin' as rule 'mixin.block.moving_block_shapes' (added by mods [supplementaries]) disables it and children
[01:16:23] [main/WARN]: Error loading class: me/jellysquid/mods/sodium/client/render/chunk/compile/pipeline/FluidRenderer (java.lang.ClassNotFoundException: me/jellysquid/mods/sodium/client/render/chunk/compile/pipeline/FluidRenderer)
[01:16:23] [main/INFO]: [MemoryLeakFix] Will be applying 1 memory leak fixes!
[01:16:23] [main/INFO]: [MemoryLeakFix] Currently enabled memory leak fixes: [biomeTemperatureLeak]
[01:16:23] [main/WARN]: Error loading class: net/fabricmc/fabric/api/client/rendering/v1/EntityModelLayerRegistry$TexturedModelDataProvider (java.lang.ClassNotFoundException: net/fabricmc/fabric/api/client/rendering/v1/EntityModelLayerRegistry$TexturedModelDataProvider)
[01:16:23] [main/WARN]: Error loading class: net/minecraft/class_314 (java.lang.ClassNotFoundException: net/minecraft/class_314)
[01:16:23] [main/WARN]: @Mixin target net.minecraft.class_314 was not found mixins.mm.json:net.minecraft.class_314 from mod mm
[01:16:23] [main/INFO]: Initializing MixinExtras via com.llamalad7.mixinextras.service.MixinExtrasServiceImpl(version=0.4.1).
[01:16:25] [main/INFO]: Injecting BlockStateBase cache population hook into getNeighborPathNodeType from me.jellysquid.mods.lithium.mixin.ai.pathing.AbstractBlockStateMixin
[01:16:25] [main/INFO]: Injecting BlockStateBase cache population hook into getPathNodeType from me.jellysquid.mods.lithium.mixin.ai.pathing.AbstractBlockStateMixin
[01:16:25] [main/INFO]: Injecting BlockStateBase cache population hook into getOpacityIfCached from ca.spottedleaf.starlight.mixin.common.blockstate.BlockStateBaseMixin
[01:16:25] [main/INFO]: Injecting BlockStateBase cache population hook into isConditionallyFullOpaque from ca.spottedleaf.starlight.mixin.common.blockstate.BlockStateBaseMixin
[01:16:25] [main/INFO]: Injecting BlockStateBase cache population hook into getAllFlags from me.jellysquid.mods.lithium.mixin.util.block_tracking.AbstractBlockStateMixin
[01:16:28] [main/WARN]: Static binding violation: PRIVATE @Overwrite method method_21740 in modernfix-common.mixins.json:perf.remove_biome_temperature_cache.BiomeMixin from mod modernfix cannot reduce visibiliy of PUBLIC target method, visibility will be upgraded.
[01:16:28] [main/WARN]: Method overwrite conflict for method_21740 in modernfix-common.mixins.json:perf.remove_biome_temperature_cache.BiomeMixin from mod modernfix, previously written by me.jellysquid.mods.lithium.mixin.world.temperature_cache.BiomeMixin. Skipping method.
[01:16:28] [main/INFO]: Vanilla bootstrap took 4195 milliseconds
[01:16:28] [main/INFO]: AddonsLib Fabric !
[01:16:28] [main/INFO]: Loaded config amendments-common.json
[01:16:28] [main/INFO]: Fixing MC-151457. Crafting remainder for minecraft:pufferfish_bucket is now minecraft:bucket.
[01:16:28] [main/INFO]: Fixing MC-151457. Crafting remainder for minecraft:salmon_bucket is now minecraft:bucket.
[01:16:28] [main/INFO]: Fixing MC-151457. Crafting remainder for minecraft:cod_bucket is now minecraft:bucket.
[01:16:28] [main/INFO]: Fixing MC-151457. Crafting remainder for minecraft:tropical_fish_bucket is now minecraft:bucket.
[01:16:28] [main/INFO]: Fixing MC-151457. Crafting remainder for minecraft:axolotl_bucket is now minecraft:bucket.
[01:16:28] [main/INFO]: Fixing MC-151457. Crafting remainder for minecraft:powder_snow_bucket is now minecraft:bucket.
[01:16:28] [main/INFO]: Fixing MC-151457. Crafting remainder for minecraft:tadpole_bucket is now minecraft:bucket.
[01:16:28] [main/INFO]: Hello Fabric world!
[01:16:28] [main/INFO]: Farmer's Knives loaded!
[01:16:29] [main/INFO]: Serene Seasons detected. Enabling season modifier.
[01:16:29] [main/INFO]: Bypassed Mojang DFU
[01:16:29] [main/INFO]: Instantiating Mojang DFU
[01:16:29] [main/ERROR]: No data fixer registered for anomaly
[01:16:29] [main/ERROR]: No data fixer registered for season_sensor
[01:16:29] [main/ERROR]: No data fixer registered for water_purifier
[01:16:29] [main/ERROR]: No data fixer registered for temperature_gauge
[01:16:29] [main/ERROR]: No data fixer registered for thermoregulator
[01:16:30] [main/INFO]: Macaw's Biomes O' Plenty Loading...
[01:16:30] [main/INFO]: Macaw's Biomes O' Plenty Is Charged !
[01:16:30] [main/INFO]: Definitely not up to no good
[01:16:31] [main/INFO]: Reflections took 53 ms to scan 1 urls, producing 6 keys and 40 values
[01:16:31] [main/INFO]: Reflections took 12 ms to scan 1 urls, producing 6 keys and 40 values
[01:16:31] [main/INFO]: Registering Ribbit instruments...
[01:16:31] [main/INFO]: Registering Ribbit umbrella types...
[01:16:31] [main/INFO]: Registering Ribbit professions...
[01:16:31] [main/INFO]: Registering Ribbit data serializers...
[01:16:31] [main/INFO]: Loaded config supplementaries-common.json
[01:16:32] [main/INFO]: Registered region minecraft:overworld to index 0 for type OVERWORLD
[01:16:32] [main/INFO]: Registered region minecraft:nether to index 0 for type NETHER
[01:16:32] [main/INFO]: Registered region biomesoplenty:overworld_primary to index 1 for type OVERWORLD
[01:16:32] [main/INFO]: Registered region biomesoplenty:overworld_secondary to index 2 for type OVERWORLD
[01:16:32] [main/INFO]: Registered region biomesoplenty:overworld_rare to index 3 for type OVERWORLD
[01:16:32] [main/INFO]: Registered region biomesoplenty:nether_common to index 1 for type NETHER
[01:16:32] [main/INFO]: Registered region biomesoplenty:nether_rare to index 2 for type NETHER
[01:16:32] [main/INFO]: Reflections took 5 ms to scan 1 urls, producing 1 keys and 4 values
[01:16:32] [main/INFO]: Reflections took 4 ms to scan 1 urls, producing 1 keys and 4 values
[01:16:33] [main/INFO]: Initialized block sets in 30ms
[01:16:33] [main/INFO]: Loaded config moonlight-common.json
[01:16:33] [main/INFO]: Initialized color sets in 70ms
[01:16:33] [main/INFO]: Finished mod setup in: [0, 0, 0, 1, 0, 0, 13, 4, 0] ms
[01:16:33] [main/INFO]: Environment: authHost='https://authserver.mojang.com', accountsHost='https://api.mojang.com', sessionHost='https://sessionserver.mojang.com', servicesHost='https://api.minecraftservices.com', name='PROD'
[01:16:33] [main/INFO]: Generated runtime SERVER_DATA for pack Supplementaries Generated Pack (supplementaries) in: 34 ms
[01:16:35] [main/INFO]: [fabric-registry-sync] Loaded registry data [file 1/4]
[01:16:37] [main/ERROR]: Parsing error loading recipe supplementaries:integration/lapis_bricks_fd
com.google.gson.JsonParseException: An ingredient entry needs either a tag or an item
	at net.minecraft.class_1856.method_8107(class_1856.java:167) ~[server-intermediary.jar:?]
	at net.minecraft.class_1856.method_8102(class_1856.java:143) ~[server-intermediary.jar:?]
	at net.minecraft.class_1856.method_52177(class_1856.java:135) ~[server-intermediary.jar:?]
	at vectorwing.farmersdelight.common.crafting.CuttingBoardRecipe$Serializer.fromJson(CuttingBoardRecipe.java:176) ~[FarmersDelight-1.20.1-2.3.0+refabricated.jar:?]
	at vectorwing.farmersdelight.common.crafting.CuttingBoardRecipe$Serializer.method_8121(CuttingBoardRecipe.java:166) ~[FarmersDelight-1.20.1-2.3.0+refabricated.jar:?]
	at net.minecraft.class_1863.method_17720(class_1863.java:135) ~[server-intermediary.jar:?]
	at net.minecraft.class_1863.method_20705(class_1863.java:56) ~[server-intermediary.jar:?]
	at net.minecraft.class_1863.method_18788(class_1863.java:35) ~[server-intermediary.jar:?]
	at net.minecraft.class_4080.method_18790(class_4080.java:13) ~[server-intermediary.jar:?]
	at java.util.concurrent.CompletableFuture$UniAccept.tryFire(CompletableFuture.java:718) ~[?:?]
	at java.util.concurrent.CompletableFuture$Completion.run(CompletableFuture.java:482) ~[?:?]
	at net.minecraft.class_4014.method_18365(class_4014.java:69) ~[server-intermediary.jar:?]
	at net.minecraft.class_156.method_43498(class_156.java:950) ~[server-intermediary.jar:?]
	at net.minecraft.class_156.method_43499(class_156.java:938) ~[server-intermediary.jar:?]
	at net.minecraft.server.Main.main(Main.java:160) ~[server-intermediary.jar:?]
	at net.fabricmc.loader.impl.game.minecraft.MinecraftGameProvider.launch(MinecraftGameProvider.java:480) ~[fabric-loader-0.16.10.jar:?]
	at net.fabricmc.loader.impl.launch.knot.Knot.launch(Knot.java:74) ~[fabric-loader-0.16.10.jar:?]
	at net.fabricmc.loader.impl.launch.knot.KnotServer.main(KnotServer.java:23) ~[fabric-loader-0.16.10.jar:?]
	at net.fabricmc.loader.impl.launch.server.FabricServerLauncher.main(FabricServerLauncher.java:69) ~[fabric-loader-0.16.10.jar:?]
	at net.fabricmc.installer.ServerLauncher.main(ServerLauncher.java:69) ~[fabric-server-launch.jar:1.0.1]
[01:16:37] [main/ERROR]: Parsing error loading recipe supplementaries:integration/ash_bricks_fd
com.google.gson.JsonParseException: An ingredient entry needs either a tag or an item
	at net.minecraft.class_1856.method_8107(class_1856.java:167) ~[server-intermediary.jar:?]
	at net.minecraft.class_1856.method_8102(class_1856.java:143) ~[server-intermediary.jar:?]
	at net.minecraft.class_1856.method_52177(class_1856.java:135) ~[server-intermediary.jar:?]
	at vectorwing.farmersdelight.common.crafting.CuttingBoardRecipe$Serializer.fromJson(CuttingBoardRecipe.java:176) ~[FarmersDelight-1.20.1-2.3.0+refabricated.jar:?]
	at vectorwing.farmersdelight.common.crafting.CuttingBoardRecipe$Serializer.method_8121(CuttingBoardRecipe.java:166) ~[FarmersDelight-1.20.1-2.3.0+refabricated.jar:?]
	at net.minecraft.class_1863.method_17720(class_1863.java:135) ~[server-intermediary.jar:?]
	at net.minecraft.class_1863.method_20705(class_1863.java:56) ~[server-intermediary.jar:?]
	at net.minecraft.class_1863.method_18788(class_1863.java:35) ~[server-intermediary.jar:?]
	at net.minecraft.class_4080.method_18790(class_4080.java:13) ~[server-intermediary.jar:?]
	at java.util.concurrent.CompletableFuture$UniAccept.tryFire(CompletableFuture.java:718) ~[?:?]
	at java.util.concurrent.CompletableFuture$Completion.run(CompletableFuture.java:482) ~[?:?]
	at net.minecraft.class_4014.method_18365(class_4014.java:69) ~[server-intermediary.jar:?]
	at net.minecraft.class_156.method_43498(class_156.java:950) ~[server-intermediary.jar:?]
	at net.minecraft.class_156.method_43499(class_156.java:938) ~[server-intermediary.jar:?]
	at net.minecraft.server.Main.main(Main.java:160) ~[server-intermediary.jar:?]
	at net.fabricmc.loader.impl.game.minecraft.MinecraftGameProvider.launch(MinecraftGameProvider.java:480) ~[fabric-loader-0.16.10.jar:?]
	at net.fabricmc.loader.impl.launch.knot.Knot.launch(Knot.java:74) ~[fabric-loader-0.16.10.jar:?]
	at net.fabricmc.loader.impl.launch.knot.KnotServer.main(KnotServer.java:23) ~[fabric-loader-0.16.10.jar:?]
	at net.fabricmc.loader.impl.launch.server.FabricServerLauncher.main(FabricServerLauncher.java:69) ~[fabric-loader-0.16.10.jar:?]
	at net.fabricmc.installer.ServerLauncher.main(ServerLauncher.java:69) ~[fabric-server-launch.jar:1.0.1]
[01:16:37] [main/INFO]: Loaded 16 recipes
[01:16:37] [main/INFO]: Loaded 3841 advancements
[01:16:37] [main/WARN]: Could not decode GlobalLootModifier with json id supplementaries:ash_from_burning_mobs - error: Unknown registry key in ResourceKey[minecraft:root / porting_lib:global_loot_modifier_serializers]: moonlight:add_item
[01:16:37] [main/WARN]: Could not decode GlobalLootModifier with json id supplementaries:straw_from_flax - error: Unknown registry key in ResourceKey[minecraft:root / porting_lib:global_loot_modifier_serializers]: moonlight:add_item
[01:16:37] [main/WARN]: Could not decode GlobalLootModifier with json id supplementaries:fishing_antique_ink - error: Unknown registry key in ResourceKey[minecraft:root / porting_lib:global_loot_modifier_serializers]: moonlight:add_item
[01:16:37] [main/WARN]: Could not decode GlobalLootModifier with json id supplementaries:fishing_antique_ink_treasure - error: Unknown registry key in ResourceKey[minecraft:root / porting_lib:global_loot_modifier_serializers]: moonlight:add_item
[01:16:37] [main/WARN]: Could not decode GlobalLootModifier with json id supplementaries:replace_rope - error: Unknown registry key in ResourceKey[minecraft:root / porting_lib:global_loot_modifier_serializers]: supplementaries:replace_rope
[01:16:37] [main/INFO]: Loaded 27 flute songs
[01:16:37] [main/INFO]: Applied 7 data villager trades
[01:16:37] [main/INFO]: Finished additional setup in 0 ms
[01:16:38] [main/INFO]: Initialized TerraBlender biomes for level stem minecraft:overworld
[01:16:38] [main/INFO]: Initialized TerraBlender biomes for level stem minecraft:the_nether
[01:16:38] [main/INFO]: Applied 2251 biome modifications to 234 of 234 new biomes in 45.93 ms
[01:16:38] [Server thread/INFO]: Scanning class appeng.server.testplots.TestPlots for plots
[01:16:38] [Server thread/INFO]: Scanning class appeng.server.testplots.AutoCraftingTestPlots for plots
[01:16:38] [Server thread/INFO]: Scanning class appeng.server.testplots.InscriberTestPlots for plots
[01:16:38] [Server thread/INFO]: Scanning class appeng.server.testplots.P2PTestPlots for plots
[01:16:38] [Server thread/INFO]: Scanning class appeng.server.testplots.ItemP2PTestPlots for plots
[01:16:38] [Server thread/INFO]: Scanning class appeng.server.testplots.MemoryCardTestPlots for plots
[01:16:38] [Server thread/INFO]: Scanning class appeng.server.testplots.PatternProviderLockModePlots for plots
[01:16:38] [Server thread/INFO]: Scanning class appeng.server.testplots.PatternProviderPlots for plots
[01:16:38] [Server thread/INFO]: Scanning class appeng.server.testplots.SpatialTestPlots for plots
[01:16:38] [Server thread/INFO]: Scanning class appeng.server.testplots.QnbTestPlots for plots
[01:16:38] [Server thread/INFO]: Scanning class appeng.server.testplots.GuidebookPlot for plots
[01:16:38] [Server thread/INFO]: Scanning class appeng.server.testplots.SubnetPlots for plots
[01:16:38] [Server thread/INFO]: Scanning class appeng.server.testplots.ChannelTests for plots
[01:16:38] [Server thread/INFO]: Scanning class appeng.server.testplots.AnnihilationPlaneTests for plots
[01:16:38] [Server thread/INFO]: Starting minecraft server version 1.20.1
[01:16:38] [Server thread/INFO]: Loading properties
[01:16:38] [Server thread/INFO]: Default game type: SURVIVAL
[01:16:38] [Server thread/INFO]: Generating keypair
[01:16:38] [Server thread/INFO]: Starting Minecraft server on *:25565
[01:16:38] [Server thread/INFO]: Using epoll channel type
[01:16:38] [Server thread/INFO]: Preparing level "TWW server I guess"
[01:16:39] [Server thread/INFO]: Preparing start region for dimension minecraft:overworld
[01:16:39] [Server thread/WARN]: Method overwrite conflict for removeIf in modernfix-common.mixins.json:bugfix.paper_chunk_patches.SortedArraySetMixin from mod modernfix, previously written by me.jellysquid.mods.lithium.mixin.world.chunk_tickets.SortedArraySetMixin. Skipping method.
[01:16:40] [Server thread/INFO]: Preparing spawn area: 0%
[01:16:40] [Server thread/INFO]: Preparing spawn area: 0%
[01:16:40] [Server thread/INFO]: Preparing spawn area: 0%
[01:16:40] [Server thread/INFO]: Preparing spawn area: 0%
[01:16:41] [Server thread/INFO]: Preparing spawn area: 24%
[01:16:41] [Server thread/INFO]: Preparing spawn area: 84%
[01:16:42] [Server thread/INFO]: Time elapsed: 2650 ms
[01:16:42] [Server thread/INFO]: Done (3.435s)! For help, type "help"
[01:16:42] [Server thread/WARN]: Dedicated server took 21.38 seconds to load
[01:16:42] [Server thread/INFO]: Start loading plugin from Applied Energistics 2
[01:16:42] [Server thread/INFO]: Start loading plugin from Balm
[01:16:42] [Server thread/INFO]: Start loading plugin from Jade
[01:16:42] [Server thread/INFO]: Start loading plugin from Jade
[01:16:42] [Server thread/INFO]: Start loading plugin from Jade
[01:16:42] [Server thread/INFO]: Start loading plugin from Supplementaries
[01:16:42] [Server thread/INFO]: Start loading plugin from Waystones
[01:16:42] [Server thread/INFO]: Loaded values for 18 compatible attributes.
[01:16:42] [Server thread/INFO]: Loaded 18 values from config.
[01:16:42] [Server thread/INFO]: Saving config file. 18 entries.
[01:16:42] [Server thread/INFO]: Applying changes for 18 attributes.
[01:22:20] [User Authenticator #1/INFO]: UUID of player Smurfcz is ee014088-2fe9-4d82-b545-ead2e808306a
[01:22:20] [Server thread/INFO]: Smurfcz[/192.168.193.3:52071] logged in with entity id 257 at (28.711777987156186, 72.0, 35.31495937093482)
[01:22:20] [Server thread/INFO]: Syncing config to Smurfcz (ee014088-2fe9-4d82-b545-ead2e808306a)
[01:22:20] [Server thread/INFO]: Smurfcz joined the game
[01:22:48] [User Authenticator #2/INFO]: UUID of player AaAgOrAt is 177ea511-04c9-4c03-9b4a-d85a971c45e0
[01:22:48] [Server thread/INFO]: AaAgOrAt[/192.168.193.78:60164] logged in with entity id 369 at (25.83155027412955, 72.0, 33.88800425957687)
[01:22:48] [Server thread/INFO]: Syncing config to AaAgOrAt (177ea511-04c9-4c03-9b4a-d85a971c45e0)
[01:22:48] [Server thread/INFO]: AaAgOrAt joined the game
[01:23:02] [Server thread/INFO]: [AaAgOrAt: Set own game mode to Survival Mode]
[01:23:11] [Server thread/INFO]: AaAgOrAt lost connection: Disconnected
[01:23:11] [Server thread/INFO]: AaAgOrAt left the game
[01:23:28] [Server thread/INFO]: Smurfcz has made the advancement [Stone Age]
[01:25:13] [Server thread/INFO]: Smurfcz has made the advancement [Getting an Upgrade]
[01:27:42] [Server thread/INFO]: Smurfcz has made the advancement [Monster Hunter]
[01:30:12] [User Authenticator #3/INFO]: UUID of player AaAgOrAt is 177ea511-04c9-4c03-9b4a-d85a971c45e0
[01:30:12] [Server thread/INFO]: AaAgOrAt[/192.168.193.78:60728] logged in with entity id 2370 at (24.79558816253169, 72.0, 30.338176708221958)
[01:30:13] [Server thread/INFO]: Syncing config to AaAgOrAt (177ea511-04c9-4c03-9b4a-d85a971c45e0)
[01:30:13] [Server thread/INFO]: AaAgOrAt joined the game
[01:30:32] [Server thread/INFO]: [AaAgOrAt: Teleported AaAgOrAt to Smurfcz]
[01:35:29] [Server thread/INFO]: AaAgOrAt has made the advancement [Stone Age]
[01:36:19] [Server thread/INFO]: AaAgOrAt has made the advancement [Getting an Upgrade]
[01:36:28] [Server thread/INFO]: Villager class_1646['Unemployed'/113, l='ServerLevel[TWW server I guess]', x=79.57, y=68.00, z=186.23] died, message: 'Unemployed was shot by Pillager'
[01:37:12] [Server thread/INFO]: Smurfcz has made the advancement [Sweet Dreams]
[01:37:31] [Server thread/INFO]: Smurfcz was slain by Zombie
[01:37:37] [User Authenticator #4/INFO]: UUID of player AdrianConnor09 is 70898020-ad79-4014-bdd9-352607f05aa7
[01:37:37] [Server thread/INFO]: AdrianConnor09[/192.168.193.115:57803] logged in with entity id 4593 at (-1.5, 73.0, 33.5)
[01:37:37] [Server thread/INFO]: Syncing config to AdrianConnor09 (70898020-ad79-4014-bdd9-352607f05aa7)
[01:37:37] [Server thread/INFO]: AdrianConnor09 joined the game
[01:37:45] [Server thread/INFO]: <AdrianConnor09> ni
[01:37:49] [Server thread/INFO]: <AdrianConnor09> gg guys
[01:37:57] [Server thread/INFO]: <AdrianConnor09> erhhmm
[01:38:05] [Server thread/INFO]: <AaAgOrAt> You are getting banned
[01:38:06] [Server thread/INFO]: <AaAgOrAt> buddy
[01:38:59] [Server thread/INFO]: AdrianConnor09 has made the advancement [Monster Hunter]
[01:39:07] [Server thread/INFO]: AdrianConnor09 lost connection: Disconnected
[01:39:07] [Server thread/INFO]: AdrianConnor09 left the game
[01:39:35] [Server thread/INFO]: Smurfcz froze to death
[01:40:32] [User Authenticator #5/INFO]: UUID of player AdrianConnor09 is 70898020-ad79-4014-bdd9-352607f05aa7
[01:40:32] [Server thread/INFO]: AdrianConnor09[/192.168.193.115:58024] logged in with entity id 5384 at (52.2955874253944, 66.0, 147.16577790740024)
[01:40:32] [Server thread/INFO]: Syncing config to AdrianConnor09 (70898020-ad79-4014-bdd9-352607f05aa7)
[01:40:32] [Server thread/INFO]: AdrianConnor09 joined the game
[01:41:09] [Server thread/INFO]: AdrianConnor09 was slain by Zombie
[01:41:18] [Server thread/WARN]: Mismatch in destroy block pos: class_2338{x=0, y=0, z=0} class_2338{x=7, y=72, z=42}
[01:42:45] [Server thread/INFO]: [AaAgOrAt: Set the time to 1000]
[01:42:45] [Server thread/INFO]: AdrianConnor09 froze to death
[01:42:47] [Server thread/INFO]: AdrianConnor09 lost connection: Disconnected
[01:42:47] [Server thread/INFO]: AdrianConnor09 left the game
[01:44:00] [Server thread/INFO]: Smurfcz has made the advancement [Acquire Hardware]
[01:44:09] [Server thread/INFO]: AaAgOrAt has made the advancement [Acquire Hardware]
[01:44:26] [Server thread/INFO]: Smurfcz was slain by Zombie
[01:45:36] [Server thread/INFO]: AaAgOrAt was slain by Enderman
[01:45:57] [Server thread/INFO]: AaAgOrAt was slain by Vindicator
[01:47:06] [Server thread/INFO]: Smurfcz was slain by Zombie
[01:47:12] [Server thread/INFO]: <AaAgOrAt> 2-0
[01:48:44] [pool-4-thread-1/INFO]: Searching for closest structure among [ResourceKey[minecraft:worldgen/structure / minecraft:village_savanna], ResourceKey[minecraft:worldgen/structure / minecraft:village_desert], ResourceKey[minecraft:worldgen/structure / minecraft:village_taiga], ResourceKey[minecraft:worldgen/structure / minecraft:village_plains], ResourceKey[minecraft:worldgen/structure / minecraft:village_snowy]] from pos class_2338{x=437, y=79, z=75}
[01:48:48] [Server thread/WARN]: Can't keep up! Is the server overloaded? Running 2904ms or 58 ticks behind
[01:48:48] [Server thread/WARN]: AaAgOrAt moved too quickly! 8.910736555850349,2.5164537597091083,-3.877878357391915
[01:48:50] [Server thread/INFO]: Smurfcz has made the advancement [Not Today, Thank You]
[01:49:15] [Worker-Main-13/ERROR]: Hanging entity at invalid position: class_2338{x=-177, y=-55, z=-77}
[01:49:15] [Worker-Main-13/ERROR]: Hanging entity at invalid position: class_2338{x=-181, y=-50, z=-73}
[01:49:15] [Worker-Main-13/ERROR]: Hanging entity at invalid position: class_2338{x=-182, y=-45, z=-75}
[01:49:15] [Worker-Main-13/ERROR]: Hanging entity at invalid position: class_2338{x=-172, y=-54, z=-70}
[01:49:16] [Worker-Main-14/ERROR]: Hanging entity at invalid position: class_2338{x=-192, y=-54, z=-74}
[01:49:16] [Worker-Main-14/ERROR]: Hanging entity at invalid position: class_2338{x=-192, y=-50, z=-77}
[01:49:16] [Worker-Main-14/ERROR]: Hanging entity at invalid position: class_2338{x=-187, y=-50, z=-72}
[01:49:16] [Worker-Main-14/ERROR]: Hanging entity at invalid position: class_2338{x=-184, y=-45, z=-75}
[01:49:21] [Worker-Main-17/ERROR]: Hanging entity at invalid position: class_2338{x=-195, y=-54, z=-92}
[01:49:21] [Worker-Main-17/ERROR]: Hanging entity at invalid position: class_2338{x=-192, y=-54, z=-88}
[01:49:21] [Worker-Main-17/ERROR]: Hanging entity at invalid position: class_2338{x=-192, y=-50, z=-85}
[01:49:21] [Worker-Main-17/ERROR]: Hanging entity at invalid position: class_2338{x=-183, y=-51, z=-89}
[01:49:21] [Worker-Main-17/ERROR]: Hanging entity at invalid position: class_2338{x=-186, y=-50, z=-90}
[01:49:21] [Worker-Main-17/ERROR]: Hanging entity at invalid position: class_2338{x=-186, y=-45, z=-87}
[01:49:21] [Worker-Main-17/ERROR]: Hanging entity at invalid position: class_2338{x=-189, y=-45, z=-84}
[01:49:21] [Worker-Main-17/ERROR]: Hanging entity at invalid position: class_2338{x=-286, y=-57, z=-393}
[01:49:22] [Worker-Main-14/ERROR]: Hanging entity at invalid position: class_2338{x=-178, y=-45, z=-85}
[01:49:22] [Worker-Main-14/ERROR]: Hanging entity at invalid position: class_2338{x=-178, y=-41, z=-89}
[01:49:22] [Worker-Main-14/ERROR]: Hanging entity at invalid position: class_2338{x=-172, y=-54, z=-92}
[01:49:22] [Worker-Main-14/ERROR]: Hanging entity at invalid position: class_2338{x=-172, y=-54, z=-93}
[01:49:22] [Worker-Main-14/ERROR]: Hanging entity at invalid position: class_2338{x=-175, y=-41, z=-90}
[01:49:22] [Worker-Main-14/ERROR]: Hanging entity at invalid position: class_2338{x=-284, y=-57, z=-394}
[01:49:23] [Server thread/INFO]: Smurfcz has made the advancement [Isn't It Iron Pick]
[01:49:38] [Server thread/INFO]: Smurfcz has made the advancement [Diamonds!]
[01:50:13] [Server thread/INFO]: Smurfcz has made the advancement [Suit Up]
[01:51:34] [Server thread/INFO]: Smurfcz was slain by Zombie
[01:51:49] [Server thread/INFO]: AaAgOrAt froze to death
[01:52:03] [Server thread/INFO]: [AaAgOrAt: Set the time to 1000]
[01:52:48] [Server thread/INFO]: [AaAgOrAt: Teleported AaAgOrAt to Smurfcz]
[01:52:52] [Server thread/INFO]: [AaAgOrAt: Set own game mode to Creative Mode]
[01:53:17] [Server thread/INFO]: [AaAgOrAt: Applied effect Regeneration to Smurfcz]
[01:54:06] [Server thread/INFO]: Smurfcz was blown up by Creeper
[01:55:34] [Server thread/INFO]: [AaAgOrAt: Applied effect Regeneration to Smurfcz]
[01:55:47] [Server thread/INFO]: [AaAgOrAt: Set own game mode to Survival Mode]
[01:55:52] [Server thread/INFO]: [AaAgOrAt: Set own game mode to Creative Mode]
[01:55:53] [Server thread/INFO]: [AaAgOrAt: Set own game mode to Survival Mode]
[01:56:21] [Server thread/INFO]: [AaAgOrAt: Set own game mode to Creative Mode]
[01:56:23] [Server thread/INFO]: [AaAgOrAt: Set own game mode to Survival Mode]
[01:56:29] [Server thread/INFO]: [AaAgOrAt: Set own game mode to Creative Mode]
[01:56:31] [Server thread/INFO]: Smurfcz was slain by Zombie
[01:56:33] [Server thread/INFO]: AaAgOrAt has made the advancement [Diamonds!]
[01:56:33] [Server thread/INFO]: AaAgOrAt has made the advancement [Suit Up]
[01:56:33] [Server thread/INFO]: [AaAgOrAt: Set own game mode to Survival Mode]
[01:56:35] [Server thread/INFO]: AaAgOrAt has made the advancement [Isn't It Iron Pick]
[01:56:37] [Server thread/INFO]: [AaAgOrAt: Set own game mode to Creative Mode]
[01:56:46] [Server thread/INFO]: [AaAgOrAt: Teleported AaAgOrAt to Smurfcz]
[01:57:22] [Server thread/INFO]: [AaAgOrAt: Gave 1 [Iron Pickaxe] to Smurfcz]
[01:57:40] [Server thread/INFO]: [AaAgOrAt: Gave 1 [Shield] to Smurfcz]
[01:57:53] [Server thread/INFO]: AaAgOrAt lost connection: Disconnected
[01:57:53] [Server thread/INFO]: AaAgOrAt left the game
[01:57:54] [Server thread/INFO]: Smurfcz lost connection: Disconnected
[01:57:54] [Server thread/INFO]: Smurfcz left the game
